  IBufferStream.cpp
  IDataStream.cpp
  IFileStream.cpp
  ISegmentStream.cpp
  IDebugLog.cpp
  IErrors.cpp
  IEvent.cpp
  IInterlockedLong.cpp
  IMutex.cpp
  IReadWriteLock.cpp
  IThread.cpp
  IArchive.cpp
  IDatabase.cpp
  IFIFO.cpp
  IRangeMap.cpp
  ISingleton.cpp
  ITextParser.cpp
  ITypes.cpp
  IConsole.cpp
  IDynamicCreate.cpp
  Generating Code...
  Compiling...
  ITimer.cpp
  IMemPool.cpp
  IPipeClient.cpp
  IPipeServer.cpp
  IDirectoryIterator.cpp
  IPrefix.cpp
  Generating Code...
  common.vcxproj -> D:\SteamLibrary\steamapps\common\Skyrim\Data\plugin_example\Release\common.lib
