d:\steamlibrary\steamapps\common\skyrim\data\plugin_example\common\release\common.pdb
d:\steamlibrary\steamapps\common\skyrim\data\plugin_example\common\release\idynamiccreate.obj
d:\steamlibrary\steamapps\common\skyrim\data\plugin_example\common\release\iconsole.obj
d:\steamlibrary\steamapps\common\skyrim\data\plugin_example\common\release\itypes.obj
d:\steamlibrary\steamapps\common\skyrim\data\plugin_example\common\release\itextparser.obj
d:\steamlibrary\steamapps\common\skyrim\data\plugin_example\common\release\isingleton.obj
d:\steamlibrary\steamapps\common\skyrim\data\plugin_example\common\release\irangemap.obj
d:\steamlibrary\steamapps\common\skyrim\data\plugin_example\common\release\ififo.obj
d:\steamlibrary\steamapps\common\skyrim\data\plugin_example\common\release\idatabase.obj
d:\steamlibrary\steamapps\common\skyrim\data\plugin_example\common\release\iarchive.obj
d:\steamlibrary\steamapps\common\skyrim\data\plugin_example\common\release\ithread.obj
d:\steamlibrary\steamapps\common\skyrim\data\plugin_example\common\release\ireadwritelock.obj
d:\steamlibrary\steamapps\common\skyrim\data\plugin_example\common\release\imutex.obj
d:\steamlibrary\steamapps\common\skyrim\data\plugin_example\common\release\iinterlockedlong.obj
d:\steamlibrary\steamapps\common\skyrim\data\plugin_example\common\release\ievent.obj
d:\steamlibrary\steamapps\common\skyrim\data\plugin_example\common\release\ierrors.obj
d:\steamlibrary\steamapps\common\skyrim\data\plugin_example\common\release\idebuglog.obj
d:\steamlibrary\steamapps\common\skyrim\data\plugin_example\common\release\isegmentstream.obj
d:\steamlibrary\steamapps\common\skyrim\data\plugin_example\common\release\ifilestream.obj
d:\steamlibrary\steamapps\common\skyrim\data\plugin_example\common\release\idatastream.obj
d:\steamlibrary\steamapps\common\skyrim\data\plugin_example\common\release\ibufferstream.obj
d:\steamlibrary\steamapps\common\skyrim\data\plugin_example\common\release\iprefix.obj
d:\steamlibrary\steamapps\common\skyrim\data\plugin_example\common\release\idirectoryiterator.obj
d:\steamlibrary\steamapps\common\skyrim\data\plugin_example\common\release\ipipeserver.obj
d:\steamlibrary\steamapps\common\skyrim\data\plugin_example\common\release\ipipeclient.obj
d:\steamlibrary\steamapps\common\skyrim\data\plugin_example\common\release\imempool.obj
d:\steamlibrary\steamapps\common\skyrim\data\plugin_example\common\release\itimer.obj
d:\steamlibrary\steamapps\common\skyrim\data\plugin_example\release\common.lib
d:\steamlibrary\steamapps\common\skyrim\data\plugin_example\common\release\common.tlog\cl.command.1.tlog
d:\steamlibrary\steamapps\common\skyrim\data\plugin_example\common\release\common.tlog\cl.read.1.tlog
d:\steamlibrary\steamapps\common\skyrim\data\plugin_example\common\release\common.tlog\cl.write.1.tlog
d:\steamlibrary\steamapps\common\skyrim\data\plugin_example\common\release\common.tlog\lib-link.read.1.tlog
d:\steamlibrary\steamapps\common\skyrim\data\plugin_example\common\release\common.tlog\lib-link.write.1.tlog
d:\steamlibrary\steamapps\common\skyrim\data\plugin_example\common\release\common.tlog\lib.command.1.tlog
