c:\program files (x86)\steam\steamapps\common\skyrim\data\plugin_example\plugin_example\debug\vc140.pdb
c:\program files (x86)\steam\steamapps\common\skyrim\data\plugin_example\plugin_example\debug\vc140.idb
c:\program files (x86)\steam\steamapps\common\skyrim\data\plugin_example\plugin_example\debug\main.obj
c:\program files (x86)\steam\steamapps\common\skyrim\data\plugin_example\plugin_example\debug\plugin.obj
c:\program files (x86)\steam\steamapps\common\skyrim\data\skse\plugins\plugin_example.ilk
c:\program files (x86)\steam\steamapps\common\skyrim\data\skse\plugins\plugin_example.dll
c:\program files (x86)\steam\steamapps\common\skyrim\data\skse\plugins\plugin_example.pdb
c:\program files (x86)\steam\steamapps\common\skyrim\data\skse\plugins\plugin_example.lib
c:\program files (x86)\steam\steamapps\common\skyrim\data\skse\plugins\plugin_example.exp
c:\program files (x86)\steam\steamapps\common\skyrim\data\plugin_example\plugin_example\debug\exergaming_plugin.res
c:\program files (x86)\steam\steamapps\common\skyrim\data\plugin_example\plugin_example\..\..\skse\plugins\plugin_example.dll
c:\program files (x86)\steam\steamapps\common\skyrim\data\plugin_example\plugin_example\debug\plugin_example.tlog\cl.command.1.tlog
c:\program files (x86)\steam\steamapps\common\skyrim\data\plugin_example\plugin_example\debug\plugin_example.tlog\cl.read.1.tlog
c:\program files (x86)\steam\steamapps\common\skyrim\data\plugin_example\plugin_example\debug\plugin_example.tlog\cl.write.1.tlog
c:\program files (x86)\steam\steamapps\common\skyrim\data\plugin_example\plugin_example\debug\plugin_example.tlog\link.command.1.tlog
c:\program files (x86)\steam\steamapps\common\skyrim\data\plugin_example\plugin_example\debug\plugin_example.tlog\link.read.1.tlog
c:\program files (x86)\steam\steamapps\common\skyrim\data\plugin_example\plugin_example\debug\plugin_example.tlog\link.write.1.tlog
c:\program files (x86)\steam\steamapps\common\skyrim\data\plugin_example\plugin_example\debug\plugin_example.tlog\plugin_example.write.1u.tlog
c:\program files (x86)\steam\steamapps\common\skyrim\data\plugin_example\plugin_example\debug\plugin_example.tlog\rc.command.1.tlog
c:\program files (x86)\steam\steamapps\common\skyrim\data\plugin_example\plugin_example\debug\plugin_example.tlog\rc.read.1.tlog
c:\program files (x86)\steam\steamapps\common\skyrim\data\plugin_example\plugin_example\debug\plugin_example.tlog\rc.write.1.tlog
