  IPrefix.cpp
  IDirectoryIterator.cpp
  IPipeServer.cpp
  IPipeClient.cpp
  IMemPool.cpp
  ITimer.cpp
  IDynamicCreate.cpp
  IConsole.cpp
  ITypes.cpp
  ITextParser.cpp
  IRangeMap.cpp
  IFIFO.cpp
  IDatabase.cpp
  IArchive.cpp
  IThread.cpp
  IReadWriteLock.cpp
  IMutex.cpp
  IInterlockedLong.cpp
  IEvent.cpp
  IErrors.cpp
  Generating Code...
  Compiling...
  IDebugLog.cpp
  ISegmentStream.cpp
  IFileStream.cpp
  IDataStream.cpp
  IBufferStream.cpp
  Generating Code...
  common.vcxproj -> C:\Program Files (x86)\Steam\steamapps\common\Skyrim\Data\plugin_example\Debug\common.lib
