c:\program files (x86)\steam\steamapps\common\skyrim\data\plugin_example\common\debug\common.pdb
c:\program files (x86)\steam\steamapps\common\skyrim\data\plugin_example\common\debug\common.idb
c:\program files (x86)\steam\steamapps\common\skyrim\data\plugin_example\common\debug\ierrors.obj
c:\program files (x86)\steam\steamapps\common\skyrim\data\plugin_example\common\debug\ievent.obj
c:\program files (x86)\steam\steamapps\common\skyrim\data\plugin_example\common\debug\iinterlockedlong.obj
c:\program files (x86)\steam\steamapps\common\skyrim\data\plugin_example\common\debug\imutex.obj
c:\program files (x86)\steam\steamapps\common\skyrim\data\plugin_example\common\debug\ireadwritelock.obj
c:\program files (x86)\steam\steamapps\common\skyrim\data\plugin_example\common\debug\ithread.obj
c:\program files (x86)\steam\steamapps\common\skyrim\data\plugin_example\common\debug\iarchive.obj
c:\program files (x86)\steam\steamapps\common\skyrim\data\plugin_example\common\debug\idatabase.obj
c:\program files (x86)\steam\steamapps\common\skyrim\data\plugin_example\common\debug\ififo.obj
c:\program files (x86)\steam\steamapps\common\skyrim\data\plugin_example\common\debug\irangemap.obj
c:\program files (x86)\steam\steamapps\common\skyrim\data\plugin_example\common\debug\itextparser.obj
c:\program files (x86)\steam\steamapps\common\skyrim\data\plugin_example\common\debug\itypes.obj
c:\program files (x86)\steam\steamapps\common\skyrim\data\plugin_example\common\debug\iconsole.obj
c:\program files (x86)\steam\steamapps\common\skyrim\data\plugin_example\common\debug\idynamiccreate.obj
c:\program files (x86)\steam\steamapps\common\skyrim\data\plugin_example\common\debug\itimer.obj
c:\program files (x86)\steam\steamapps\common\skyrim\data\plugin_example\common\debug\imempool.obj
c:\program files (x86)\steam\steamapps\common\skyrim\data\plugin_example\common\debug\ipipeclient.obj
c:\program files (x86)\steam\steamapps\common\skyrim\data\plugin_example\common\debug\ipipeserver.obj
c:\program files (x86)\steam\steamapps\common\skyrim\data\plugin_example\common\debug\idirectoryiterator.obj
c:\program files (x86)\steam\steamapps\common\skyrim\data\plugin_example\common\debug\iprefix.obj
c:\program files (x86)\steam\steamapps\common\skyrim\data\plugin_example\common\debug\ibufferstream.obj
c:\program files (x86)\steam\steamapps\common\skyrim\data\plugin_example\common\debug\idatastream.obj
c:\program files (x86)\steam\steamapps\common\skyrim\data\plugin_example\common\debug\ifilestream.obj
c:\program files (x86)\steam\steamapps\common\skyrim\data\plugin_example\common\debug\isegmentstream.obj
c:\program files (x86)\steam\steamapps\common\skyrim\data\plugin_example\common\debug\idebuglog.obj
c:\program files (x86)\steam\steamapps\common\skyrim\data\plugin_example\debug\common.lib
c:\program files (x86)\steam\steamapps\common\skyrim\data\plugin_example\debug\common.pdb
c:\program files (x86)\steam\steamapps\common\skyrim\data\plugin_example\common\debug\common.tlog\cl.command.1.tlog
c:\program files (x86)\steam\steamapps\common\skyrim\data\plugin_example\common\debug\common.tlog\cl.read.1.tlog
c:\program files (x86)\steam\steamapps\common\skyrim\data\plugin_example\common\debug\common.tlog\cl.write.1.tlog
c:\program files (x86)\steam\steamapps\common\skyrim\data\plugin_example\common\debug\common.tlog\lib-link.read.1.tlog
c:\program files (x86)\steam\steamapps\common\skyrim\data\plugin_example\common\debug\common.tlog\lib-link.write.1.tlog
c:\program files (x86)\steam\steamapps\common\skyrim\data\plugin_example\common\debug\common.tlog\lib.command.1.tlog
