d:\steamlibrary\steamapps\common\skyrim\data\plugin_example\plugin_example\release\vc140.pdb
d:\steamlibrary\steamapps\common\skyrim\data\plugin_example\plugin_example\release\main.obj
d:\steamlibrary\steamapps\common\skyrim\data\plugin_example\plugin_example\release\hgj.obj
d:\steamlibrary\steamapps\common\skyrim\data\plugin_example\plugin_example\release\weekhandler.obj
d:\steamlibrary\steamapps\common\skyrim\data\plugin_example\plugin_example\release\rawdatahandler.obj
d:\steamlibrary\steamapps\common\skyrim\data\plugin_example\plugin_example\release\pluginlibrary.obj
d:\steamlibrary\steamapps\common\skyrim\data\plugin_example\plugin_example\release\plugin.obj
d:\steamlibrary\steamapps\common\skyrim\data\plugin_example\plugin_example\release\jsonhandler.obj
d:\steamlibrary\steamapps\common\skyrim\data\plugin_example\plugin_example\release\debughandler.obj
d:\steamlibrary\steamapps\common\skyrim\data\plugin_example\plugin_example\release\confighandler.obj
d:\steamlibrary\steamapps\common\skyrim\data\skse\plugins\plugin_example.lib
d:\steamlibrary\steamapps\common\skyrim\data\skse\plugins\plugin_example.exp
d:\steamlibrary\steamapps\common\skyrim\data\plugin_example\plugin_example\release\exergaming_plugin.res
d:\steamlibrary\steamapps\common\skyrim\data\plugin_example\plugin_example\release\plugin_example.vcxprojresolveassemblyreference.cache
d:\steamlibrary\steamapps\common\skyrim\data\plugin_example\plugin_example\release\plugin_example.tlog\cl.command.1.tlog
d:\steamlibrary\steamapps\common\skyrim\data\plugin_example\plugin_example\release\plugin_example.tlog\cl.read.1.tlog
d:\steamlibrary\steamapps\common\skyrim\data\plugin_example\plugin_example\release\plugin_example.tlog\cl.write.1.tlog
d:\steamlibrary\steamapps\common\skyrim\data\plugin_example\plugin_example\release\plugin_example.tlog\link.command.1.tlog
d:\steamlibrary\steamapps\common\skyrim\data\plugin_example\plugin_example\release\plugin_example.tlog\link.read.1.tlog
d:\steamlibrary\steamapps\common\skyrim\data\plugin_example\plugin_example\release\plugin_example.tlog\link.write.1.tlog
d:\steamlibrary\steamapps\common\skyrim\data\plugin_example\plugin_example\release\plugin_example.tlog\plugin_example.write.1u.tlog
d:\steamlibrary\steamapps\common\skyrim\data\plugin_example\plugin_example\release\plugin_example.tlog\rc.command.1.tlog
d:\steamlibrary\steamapps\common\skyrim\data\plugin_example\plugin_example\release\plugin_example.tlog\rc.read.1.tlog
d:\steamlibrary\steamapps\common\skyrim\data\plugin_example\plugin_example\release\plugin_example.tlog\rc.write.1.tlog
