c:\program files (x86)\steam\steamapps\common\skyrim\data\plugin_example\skse\debug\skse.pdb
c:\program files (x86)\steam\steamapps\common\skyrim\data\plugin_example\skse\debug\skse.idb
c:\program files (x86)\steam\steamapps\common\skyrim\data\plugin_example\skse\debug\pluginmanager.obj
c:\program files (x86)\steam\steamapps\common\skyrim\data\plugin_example\skse\debug\safewrite.obj
c:\program files (x86)\steam\steamapps\common\skyrim\data\plugin_example\skse\debug\serialization.obj
c:\program files (x86)\steam\steamapps\common\skyrim\data\plugin_example\skse\debug\translation.obj
c:\program files (x86)\steam\steamapps\common\skyrim\data\plugin_example\skse\debug\utilities.obj
c:\program files (x86)\steam\steamapps\common\skyrim\data\plugin_example\skse\debug\nicontrollers.obj
c:\program files (x86)\steam\steamapps\common\skyrim\data\plugin_example\skse\debug\niextradata.obj
c:\program files (x86)\steam\steamapps\common\skyrim\data\plugin_example\skse\debug\nigeometry.obj
c:\program files (x86)\steam\steamapps\common\skyrim\data\plugin_example\skse\debug\niinterpolators.obj
c:\program files (x86)\steam\steamapps\common\skyrim\data\plugin_example\skse\debug\nilight.obj
c:\program files (x86)\steam\steamapps\common\skyrim\data\plugin_example\skse\debug\nimaterial.obj
c:\program files (x86)\steam\steamapps\common\skyrim\data\plugin_example\skse\debug\ninodes.obj
c:\program files (x86)\steam\steamapps\common\skyrim\data\plugin_example\skse\debug\niobjects.obj
c:\program files (x86)\steam\steamapps\common\skyrim\data\plugin_example\skse\debug\niproperties.obj
c:\program files (x86)\steam\steamapps\common\skyrim\data\plugin_example\skse\debug\nirenderer.obj
c:\program files (x86)\steam\steamapps\common\skyrim\data\plugin_example\skse\debug\nirtti.obj
c:\program files (x86)\steam\steamapps\common\skyrim\data\plugin_example\skse\debug\niserialization.obj
c:\program files (x86)\steam\steamapps\common\skyrim\data\plugin_example\skse\debug\nitextures.obj
c:\program files (x86)\steam\steamapps\common\skyrim\data\plugin_example\skse\debug\nitypes.obj
c:\program files (x86)\steam\steamapps\common\skyrim\data\plugin_example\skse\debug\skse.obj
c:\program files (x86)\steam\steamapps\common\skyrim\data\plugin_example\skse\debug\hooks_camera.obj
c:\program files (x86)\steam\steamapps\common\skyrim\data\plugin_example\skse\debug\hooks_debug.obj
c:\program files (x86)\steam\steamapps\common\skyrim\data\plugin_example\skse\debug\hooks_directinput8create.obj
c:\program files (x86)\steam\steamapps\common\skyrim\data\plugin_example\skse\debug\hooks_event.obj
c:\program files (x86)\steam\steamapps\common\skyrim\data\plugin_example\skse\debug\hooks_gameplay.obj
c:\program files (x86)\steam\steamapps\common\skyrim\data\plugin_example\skse\debug\hooks_handlers.obj
c:\program files (x86)\steam\steamapps\common\skyrim\data\plugin_example\skse\debug\hooks_memory.obj
c:\program files (x86)\steam\steamapps\common\skyrim\data\plugin_example\skse\debug\hooks_netimmerse.obj
c:\program files (x86)\steam\steamapps\common\skyrim\data\plugin_example\skse\debug\hooks_obscript.obj
c:\program files (x86)\steam\steamapps\common\skyrim\data\plugin_example\skse\debug\hooks_papyrus.obj
c:\program files (x86)\steam\steamapps\common\skyrim\data\plugin_example\skse\debug\hooks_saveload.obj
c:\program files (x86)\steam\steamapps\common\skyrim\data\plugin_example\skse\debug\hooks_scaleform.obj
c:\program files (x86)\steam\steamapps\common\skyrim\data\plugin_example\skse\debug\hooks_threads.obj
c:\program files (x86)\steam\steamapps\common\skyrim\data\plugin_example\skse\debug\hooks_ui.obj
c:\program files (x86)\steam\steamapps\common\skyrim\data\plugin_example\skse\debug\colors.obj
c:\program files (x86)\steam\steamapps\common\skyrim\data\plugin_example\skse\debug\custommenu.obj
c:\program files (x86)\steam\steamapps\common\skyrim\data\plugin_example\skse\debug\globallocks.obj
c:\program files (x86)\steam\steamapps\common\skyrim\data\plugin_example\skse\debug\hashutil.obj
c:\program files (x86)\steam\steamapps\common\skyrim\data\plugin_example\skse\debug\inputmap.obj
c:\program files (x86)\steam\steamapps\common\skyrim\data\plugin_example\skse\debug\internalserialization.obj
c:\program files (x86)\steam\steamapps\common\skyrim\data\plugin_example\skse\debug\gameformcomponents.obj
c:\program files (x86)\steam\steamapps\common\skyrim\data\plugin_example\skse\debug\gameforms.obj
c:\program files (x86)\steam\steamapps\common\skyrim\data\plugin_example\skse\debug\gamehandlers.obj
c:\program files (x86)\steam\steamapps\common\skyrim\data\plugin_example\skse\debug\gameinput.obj
c:\program files (x86)\steam\steamapps\common\skyrim\data\plugin_example\skse\debug\gamemenus.obj
c:\program files (x86)\steam\steamapps\common\skyrim\data\plugin_example\skse\debug\gameobjects.obj
c:\program files (x86)\steam\steamapps\common\skyrim\data\plugin_example\skse\debug\gamepathing.obj
c:\program files (x86)\steam\steamapps\common\skyrim\data\plugin_example\skse\debug\gameresources.obj
c:\program files (x86)\steam\steamapps\common\skyrim\data\plugin_example\skse\debug\gamertti.obj
c:\program files (x86)\steam\steamapps\common\skyrim\data\plugin_example\skse\debug\gamesettings.obj
c:\program files (x86)\steam\steamapps\common\skyrim\data\plugin_example\skse\debug\gamestreams.obj
c:\program files (x86)\steam\steamapps\common\skyrim\data\plugin_example\skse\debug\gamethreads.obj
c:\program files (x86)\steam\steamapps\common\skyrim\data\plugin_example\skse\debug\scaleformapi.obj
c:\program files (x86)\steam\steamapps\common\skyrim\data\plugin_example\skse\debug\scaleformcallbacks.obj
c:\program files (x86)\steam\steamapps\common\skyrim\data\plugin_example\skse\debug\scaleformextendeddata.obj
c:\program files (x86)\steam\steamapps\common\skyrim\data\plugin_example\skse\debug\scaleformloader.obj
c:\program files (x86)\steam\steamapps\common\skyrim\data\plugin_example\skse\debug\scaleformmovie.obj
c:\program files (x86)\steam\steamapps\common\skyrim\data\plugin_example\skse\debug\scaleformstate.obj
c:\program files (x86)\steam\steamapps\common\skyrim\data\plugin_example\skse\debug\scaleformtypes.obj
c:\program files (x86)\steam\steamapps\common\skyrim\data\plugin_example\skse\debug\scaleformvm.obj
c:\program files (x86)\steam\steamapps\common\skyrim\data\plugin_example\skse\debug\papyrusstringutil.obj
c:\program files (x86)\steam\steamapps\common\skyrim\data\plugin_example\skse\debug\papyrustextureset.obj
c:\program files (x86)\steam\steamapps\common\skyrim\data\plugin_example\skse\debug\papyrustree.obj
c:\program files (x86)\steam\steamapps\common\skyrim\data\plugin_example\skse\debug\papyrusui.obj
c:\program files (x86)\steam\steamapps\common\skyrim\data\plugin_example\skse\debug\papyrusuicallback.obj
c:\program files (x86)\steam\steamapps\common\skyrim\data\plugin_example\skse\debug\papyrusutility.obj
c:\program files (x86)\steam\steamapps\common\skyrim\data\plugin_example\skse\debug\papyrusweapon.obj
c:\program files (x86)\steam\steamapps\common\skyrim\data\plugin_example\skse\debug\papyrusweather.obj
c:\program files (x86)\steam\steamapps\common\skyrim\data\plugin_example\skse\debug\papyruswornobject.obj
c:\program files (x86)\steam\steamapps\common\skyrim\data\plugin_example\skse\debug\papyrusargs.obj
c:\program files (x86)\steam\steamapps\common\skyrim\data\plugin_example\skse\debug\papyrusclass.obj
c:\program files (x86)\steam\steamapps\common\skyrim\data\plugin_example\skse\debug\papyrusnativefunctions.obj
c:\program files (x86)\steam\steamapps\common\skyrim\data\plugin_example\skse\debug\papyrusvm.obj
c:\program files (x86)\steam\steamapps\common\skyrim\data\plugin_example\skse\debug\papyrusevents.obj
c:\program files (x86)\steam\steamapps\common\skyrim\data\plugin_example\skse\debug\papyrusobjects.obj
c:\program files (x86)\steam\steamapps\common\skyrim\data\plugin_example\skse\debug\gameapi.obj
c:\program files (x86)\steam\steamapps\common\skyrim\data\plugin_example\skse\debug\gamecamera.obj
c:\program files (x86)\steam\steamapps\common\skyrim\data\plugin_example\skse\debug\gamedata.obj
c:\program files (x86)\steam\steamapps\common\skyrim\data\plugin_example\skse\debug\gameevents.obj
c:\program files (x86)\steam\steamapps\common\skyrim\data\plugin_example\skse\debug\gameextradata.obj
c:\program files (x86)\steam\steamapps\common\skyrim\data\plugin_example\skse\debug\papyruskeyword.obj
c:\program files (x86)\steam\steamapps\common\skyrim\data\plugin_example\skse\debug\papyrusleveledactor.obj
c:\program files (x86)\steam\steamapps\common\skyrim\data\plugin_example\skse\debug\papyrusleveleditem.obj
c:\program files (x86)\steam\steamapps\common\skyrim\data\plugin_example\skse\debug\papyrusleveledspell.obj
c:\program files (x86)\steam\steamapps\common\skyrim\data\plugin_example\skse\debug\papyrusmagiceffect.obj
c:\program files (x86)\steam\steamapps\common\skyrim\data\plugin_example\skse\debug\papyrusmath.obj
c:\program files (x86)\steam\steamapps\common\skyrim\data\plugin_example\skse\debug\papyrusmisc.obj
c:\program files (x86)\steam\steamapps\common\skyrim\data\plugin_example\skse\debug\papyrusmodevent.obj
c:\program files (x86)\steam\steamapps\common\skyrim\data\plugin_example\skse\debug\papyrusnetimmerse.obj
c:\program files (x86)\steam\steamapps\common\skyrim\data\plugin_example\skse\debug\papyrusobjectreference.obj
c:\program files (x86)\steam\steamapps\common\skyrim\data\plugin_example\skse\debug\papyrusperk.obj
c:\program files (x86)\steam\steamapps\common\skyrim\data\plugin_example\skse\debug\papyruspotion.obj
c:\program files (x86)\steam\steamapps\common\skyrim\data\plugin_example\skse\debug\papyrusquest.obj
c:\program files (x86)\steam\steamapps\common\skyrim\data\plugin_example\skse\debug\papyrusrace.obj
c:\program files (x86)\steam\steamapps\common\skyrim\data\plugin_example\skse\debug\papyrusscroll.obj
c:\program files (x86)\steam\steamapps\common\skyrim\data\plugin_example\skse\debug\papyrusshout.obj
c:\program files (x86)\steam\steamapps\common\skyrim\data\plugin_example\skse\debug\papyrusskse.obj
c:\program files (x86)\steam\steamapps\common\skyrim\data\plugin_example\skse\debug\papyrussound.obj
c:\program files (x86)\steam\steamapps\common\skyrim\data\plugin_example\skse\debug\papyrussounddescriptor.obj
c:\program files (x86)\steam\steamapps\common\skyrim\data\plugin_example\skse\debug\papyrusspell.obj
c:\program files (x86)\steam\steamapps\common\skyrim\data\plugin_example\skse\debug\papyrusactorvalueinfo.obj
c:\program files (x86)\steam\steamapps\common\skyrim\data\plugin_example\skse\debug\papyrusalias.obj
c:\program files (x86)\steam\steamapps\common\skyrim\data\plugin_example\skse\debug\papyrusammo.obj
c:\program files (x86)\steam\steamapps\common\skyrim\data\plugin_example\skse\debug\papyrusarmor.obj
c:\program files (x86)\steam\steamapps\common\skyrim\data\plugin_example\skse\debug\papyrusarmoraddon.obj
c:\program files (x86)\steam\steamapps\common\skyrim\data\plugin_example\skse\debug\papyrusart.obj
c:\program files (x86)\steam\steamapps\common\skyrim\data\plugin_example\skse\debug\papyrusbook.obj
c:\program files (x86)\steam\steamapps\common\skyrim\data\plugin_example\skse\debug\papyruscell.obj
c:\program files (x86)\steam\steamapps\common\skyrim\data\plugin_example\skse\debug\papyruscolorform.obj
c:\program files (x86)\steam\steamapps\common\skyrim\data\plugin_example\skse\debug\papyruscombatstyle.obj
c:\program files (x86)\steam\steamapps\common\skyrim\data\plugin_example\skse\debug\papyrusconstructibleobject.obj
c:\program files (x86)\steam\steamapps\common\skyrim\data\plugin_example\skse\debug\papyrusdefaultobjectmanager.obj
c:\program files (x86)\steam\steamapps\common\skyrim\data\plugin_example\skse\debug\papyrusenchantment.obj
c:\program files (x86)\steam\steamapps\common\skyrim\data\plugin_example\skse\debug\papyrusequipslot.obj
c:\program files (x86)\steam\steamapps\common\skyrim\data\plugin_example\skse\debug\papyrusflora.obj
c:\program files (x86)\steam\steamapps\common\skyrim\data\plugin_example\skse\debug\papyrusform.obj
c:\program files (x86)\steam\steamapps\common\skyrim\data\plugin_example\skse\debug\papyrusgame.obj
c:\program files (x86)\steam\steamapps\common\skyrim\data\plugin_example\skse\debug\papyrusheadpart.obj
c:\program files (x86)\steam\steamapps\common\skyrim\data\plugin_example\skse\debug\papyrusingredient.obj
c:\program files (x86)\steam\steamapps\common\skyrim\data\plugin_example\skse\debug\papyrusinput.obj
c:\program files (x86)\steam\steamapps\common\skyrim\data\plugin_example\skse\debug\commandtable.obj
c:\program files (x86)\steam\steamapps\common\skyrim\data\plugin_example\skse\debug\gametypes.obj
c:\program files (x86)\steam\steamapps\common\skyrim\data\plugin_example\skse\debug\papyrusactivemagiceffect.obj
c:\program files (x86)\steam\steamapps\common\skyrim\data\plugin_example\skse\debug\papyrusactor.obj
c:\program files (x86)\steam\steamapps\common\skyrim\data\plugin_example\skse\debug\papyrusactorbase.obj
c:\program files (x86)\steam\steamapps\common\skyrim\data\plugin_example\debug\skse.lib
c:\program files (x86)\steam\steamapps\common\skyrim\data\plugin_example\skse\debug\skse_version.res
c:\program files (x86)\steam\steamapps\common\skyrim\data\plugin_example\debug\skse.pdb
c:\program files (x86)\steam\steamapps\common\skyrim\data\plugin_example\skse\debug\skse.tlog\cl.command.1.tlog
c:\program files (x86)\steam\steamapps\common\skyrim\data\plugin_example\skse\debug\skse.tlog\cl.read.1.tlog
c:\program files (x86)\steam\steamapps\common\skyrim\data\plugin_example\skse\debug\skse.tlog\cl.write.1.tlog
c:\program files (x86)\steam\steamapps\common\skyrim\data\plugin_example\skse\debug\skse.tlog\lib-link-cvtres.read.1.tlog
c:\program files (x86)\steam\steamapps\common\skyrim\data\plugin_example\skse\debug\skse.tlog\lib-link-cvtres.write.1.tlog
c:\program files (x86)\steam\steamapps\common\skyrim\data\plugin_example\skse\debug\skse.tlog\lib.command.1.tlog
c:\program files (x86)\steam\steamapps\common\skyrim\data\plugin_example\skse\debug\skse.tlog\rc.command.1.tlog
c:\program files (x86)\steam\steamapps\common\skyrim\data\plugin_example\skse\debug\skse.tlog\rc.read.1.tlog
c:\program files (x86)\steam\steamapps\common\skyrim\data\plugin_example\skse\debug\skse.tlog\rc.write.1.tlog
