  CommandTable.cpp
  GameTypes.cpp
  PapyrusActiveMagicEffect.cpp
  PapyrusActor.cpp
  PapyrusActorBase.cpp
  PapyrusActorValueInfo.cpp
  PapyrusAlias.cpp
  PapyrusAmmo.cpp
  PapyrusArmor.cpp
  PapyrusArmorAddon.cpp
  PapyrusArt.cpp
  PapyrusBook.cpp
  PapyrusCell.cpp
  PapyrusColorForm.cpp
  PapyrusCombatStyle.cpp
  PapyrusConstructibleObject.cpp
  PapyrusDefaultObjectManager.cpp
  PapyrusEnchantment.cpp
  PapyrusEquipSlot.cpp
  PapyrusFlora.cpp
  Compiling...
  PapyrusForm.cpp
  PapyrusGame.cpp
  PapyrusHeadPart.cpp
  PapyrusIngredient.cpp
  PapyrusInput.cpp
  PapyrusKeyword.cpp
  PapyrusLeveledActor.cpp
  PapyrusLeveledItem.cpp
  PapyrusLeveledSpell.cpp
  PapyrusMagicEffect.cpp
  PapyrusMath.cpp
  PapyrusMisc.cpp
  PapyrusModEvent.cpp
  PapyrusNetImmerse.cpp
  PapyrusObjectReference.cpp
  PapyrusPerk.cpp
  PapyrusPotion.cpp
  PapyrusQuest.cpp
  PapyrusRace.cpp
  PapyrusScroll.cpp
  Compiling...
  PapyrusShout.cpp
  PapyrusSKSE.cpp
  PapyrusSound.cpp
  PapyrusSoundDescriptor.cpp
  PapyrusSpell.cpp
  PapyrusStringUtil.cpp
  PapyrusTextureSet.cpp
  PapyrusTree.cpp
  PapyrusUI.cpp
  PapyrusUICallback.cpp
  PapyrusUtility.cpp
  PapyrusWeapon.cpp
  PapyrusWeather.cpp
  PapyrusWornObject.cpp
  PapyrusArgs.cpp
  PapyrusClass.cpp
  PapyrusNativeFunctions.cpp
  PapyrusVM.cpp
  PapyrusEvents.cpp
  PapyrusObjects.cpp
  Compiling...
  GameAPI.cpp
  GameCamera.cpp
  GameData.cpp
  GameEvents.cpp
  GameExtraData.cpp
  GameFormComponents.cpp
  GameForms.cpp
  GameHandlers.cpp
  GameInput.cpp
  GameMenus.cpp
  GameObjects.cpp
  GamePathing.cpp
  GameResources.cpp
  GameRTTI.cpp
  GameSettings.cpp
  GameStreams.cpp
  GameThreads.cpp
  ScaleformAPI.cpp
  ScaleformCallbacks.cpp
  ScaleformExtendedData.cpp
  Compiling...
  ScaleformLoader.cpp
  ScaleformMovie.cpp
  ScaleformState.cpp
  ScaleformTypes.cpp
  ScaleformVM.cpp
  Hooks_Camera.cpp
  Hooks_Debug.cpp
C:\Program Files (x86)\Windows Kits\8.1\Include\um\dbghelp.h(1544): warning C4091: 'typedef ': ignored on left of '' when no variable is declared
C:\Program Files (x86)\Windows Kits\8.1\Include\um\dbghelp.h(3190): warning C4091: 'typedef ': ignored on left of '' when no variable is declared
  Hooks_DirectInput8Create.cpp
  Hooks_Event.cpp
  Hooks_Gameplay.cpp
  Hooks_Handlers.cpp
  Hooks_Memory.cpp
  Hooks_NetImmerse.cpp
  Hooks_ObScript.cpp
  Hooks_Papyrus.cpp
  Hooks_SaveLoad.cpp
  Hooks_Scaleform.cpp
  Hooks_Threads.cpp
  Hooks_UI.cpp
  Colors.cpp
  Compiling...
  CustomMenu.cpp
  GlobalLocks.cpp
  HashUtil.cpp
  InputMap.cpp
  InternalSerialization.cpp
  PluginManager.cpp
  SafeWrite.cpp
  Serialization.cpp
  Translation.cpp
  Utilities.cpp
Utilities.cpp(183): warning C4996: 'GetVersionExA': was declared deprecated
  C:\Program Files (x86)\Windows Kits\8.1\Include\um\sysinfoapi.h(433): note: see declaration of 'GetVersionExA'
  NiControllers.cpp
  NiExtraData.cpp
  NiGeometry.cpp
  NiInterpolators.cpp
  NiLight.cpp
  NiMaterial.cpp
  NiNodes.cpp
  NiObjects.cpp
  NiProperties.cpp
  NiRenderer.cpp
  Compiling...
  NiRTTI.cpp
  NiSerialization.cpp
  NiTextures.cpp
  NiTypes.cpp
  skse.cpp
LINK : warning LNK4068: /MACHINE not specified; defaulting to X86
  skse.vcxproj -> D:\SteamLibrary\steamapps\common\Skyrim\Data\plugin_example\Release\skse.lib
          1 file(s) copied.
