d:\steamlibrary\steamapps\common\skyrim\data\plugin_example\skse\release\skse.pdb
d:\steamlibrary\steamapps\common\skyrim\data\plugin_example\skse\release\papyrusflora.obj
d:\steamlibrary\steamapps\common\skyrim\data\plugin_example\skse\release\papyrusequipslot.obj
d:\steamlibrary\steamapps\common\skyrim\data\plugin_example\skse\release\papyrusenchantment.obj
d:\steamlibrary\steamapps\common\skyrim\data\plugin_example\skse\release\papyrusdefaultobjectmanager.obj
d:\steamlibrary\steamapps\common\skyrim\data\plugin_example\skse\release\papyrusconstructibleobject.obj
d:\steamlibrary\steamapps\common\skyrim\data\plugin_example\skse\release\papyruscombatstyle.obj
d:\steamlibrary\steamapps\common\skyrim\data\plugin_example\skse\release\papyruscolorform.obj
d:\steamlibrary\steamapps\common\skyrim\data\plugin_example\skse\release\papyruscell.obj
d:\steamlibrary\steamapps\common\skyrim\data\plugin_example\skse\release\papyrusbook.obj
d:\steamlibrary\steamapps\common\skyrim\data\plugin_example\skse\release\papyrusart.obj
d:\steamlibrary\steamapps\common\skyrim\data\plugin_example\skse\release\papyrusarmoraddon.obj
d:\steamlibrary\steamapps\common\skyrim\data\plugin_example\skse\release\papyrusarmor.obj
d:\steamlibrary\steamapps\common\skyrim\data\plugin_example\skse\release\papyrusammo.obj
d:\steamlibrary\steamapps\common\skyrim\data\plugin_example\skse\release\papyrusalias.obj
d:\steamlibrary\steamapps\common\skyrim\data\plugin_example\skse\release\papyrusactorvalueinfo.obj
d:\steamlibrary\steamapps\common\skyrim\data\plugin_example\skse\release\papyrusactorbase.obj
d:\steamlibrary\steamapps\common\skyrim\data\plugin_example\skse\release\papyrusactor.obj
d:\steamlibrary\steamapps\common\skyrim\data\plugin_example\skse\release\papyrusactivemagiceffect.obj
d:\steamlibrary\steamapps\common\skyrim\data\plugin_example\skse\release\gametypes.obj
d:\steamlibrary\steamapps\common\skyrim\data\plugin_example\skse\release\commandtable.obj
d:\steamlibrary\steamapps\common\skyrim\data\plugin_example\skse\release\papyrusscroll.obj
d:\steamlibrary\steamapps\common\skyrim\data\plugin_example\skse\release\papyrusrace.obj
d:\steamlibrary\steamapps\common\skyrim\data\plugin_example\skse\release\papyrusquest.obj
d:\steamlibrary\steamapps\common\skyrim\data\plugin_example\skse\release\papyruspotion.obj
d:\steamlibrary\steamapps\common\skyrim\data\plugin_example\skse\release\papyrusperk.obj
d:\steamlibrary\steamapps\common\skyrim\data\plugin_example\skse\release\papyrusobjectreference.obj
d:\steamlibrary\steamapps\common\skyrim\data\plugin_example\skse\release\papyrusnetimmerse.obj
d:\steamlibrary\steamapps\common\skyrim\data\plugin_example\skse\release\papyrusmodevent.obj
d:\steamlibrary\steamapps\common\skyrim\data\plugin_example\skse\release\papyrusmisc.obj
d:\steamlibrary\steamapps\common\skyrim\data\plugin_example\skse\release\papyrusmath.obj
d:\steamlibrary\steamapps\common\skyrim\data\plugin_example\skse\release\papyrusmagiceffect.obj
d:\steamlibrary\steamapps\common\skyrim\data\plugin_example\skse\release\papyrusleveledspell.obj
d:\steamlibrary\steamapps\common\skyrim\data\plugin_example\skse\release\papyrusleveleditem.obj
d:\steamlibrary\steamapps\common\skyrim\data\plugin_example\skse\release\papyrusleveledactor.obj
d:\steamlibrary\steamapps\common\skyrim\data\plugin_example\skse\release\papyruskeyword.obj
d:\steamlibrary\steamapps\common\skyrim\data\plugin_example\skse\release\papyrusinput.obj
d:\steamlibrary\steamapps\common\skyrim\data\plugin_example\skse\release\papyrusingredient.obj
d:\steamlibrary\steamapps\common\skyrim\data\plugin_example\skse\release\papyrusheadpart.obj
d:\steamlibrary\steamapps\common\skyrim\data\plugin_example\skse\release\papyrusgame.obj
d:\steamlibrary\steamapps\common\skyrim\data\plugin_example\skse\release\papyrusform.obj
d:\steamlibrary\steamapps\common\skyrim\data\plugin_example\skse\release\papyrusobjects.obj
d:\steamlibrary\steamapps\common\skyrim\data\plugin_example\skse\release\papyrusevents.obj
d:\steamlibrary\steamapps\common\skyrim\data\plugin_example\skse\release\papyrusvm.obj
d:\steamlibrary\steamapps\common\skyrim\data\plugin_example\skse\release\papyrusnativefunctions.obj
d:\steamlibrary\steamapps\common\skyrim\data\plugin_example\skse\release\papyrusclass.obj
d:\steamlibrary\steamapps\common\skyrim\data\plugin_example\skse\release\papyrusargs.obj
d:\steamlibrary\steamapps\common\skyrim\data\plugin_example\skse\release\papyruswornobject.obj
d:\steamlibrary\steamapps\common\skyrim\data\plugin_example\skse\release\papyrusweather.obj
d:\steamlibrary\steamapps\common\skyrim\data\plugin_example\skse\release\papyrusweapon.obj
d:\steamlibrary\steamapps\common\skyrim\data\plugin_example\skse\release\papyrusutility.obj
d:\steamlibrary\steamapps\common\skyrim\data\plugin_example\skse\release\papyrusuicallback.obj
d:\steamlibrary\steamapps\common\skyrim\data\plugin_example\skse\release\papyrusui.obj
d:\steamlibrary\steamapps\common\skyrim\data\plugin_example\skse\release\papyrustree.obj
d:\steamlibrary\steamapps\common\skyrim\data\plugin_example\skse\release\papyrustextureset.obj
d:\steamlibrary\steamapps\common\skyrim\data\plugin_example\skse\release\papyrusstringutil.obj
d:\steamlibrary\steamapps\common\skyrim\data\plugin_example\skse\release\papyrusspell.obj
d:\steamlibrary\steamapps\common\skyrim\data\plugin_example\skse\release\papyrussounddescriptor.obj
d:\steamlibrary\steamapps\common\skyrim\data\plugin_example\skse\release\papyrussound.obj
d:\steamlibrary\steamapps\common\skyrim\data\plugin_example\skse\release\papyrusskse.obj
d:\steamlibrary\steamapps\common\skyrim\data\plugin_example\skse\release\papyrusshout.obj
d:\steamlibrary\steamapps\common\skyrim\data\plugin_example\skse\release\scaleformextendeddata.obj
d:\steamlibrary\steamapps\common\skyrim\data\plugin_example\skse\release\scaleformcallbacks.obj
d:\steamlibrary\steamapps\common\skyrim\data\plugin_example\skse\release\scaleformapi.obj
d:\steamlibrary\steamapps\common\skyrim\data\plugin_example\skse\release\gamethreads.obj
d:\steamlibrary\steamapps\common\skyrim\data\plugin_example\skse\release\gamestreams.obj
d:\steamlibrary\steamapps\common\skyrim\data\plugin_example\skse\release\gamesettings.obj
d:\steamlibrary\steamapps\common\skyrim\data\plugin_example\skse\release\gamertti.obj
d:\steamlibrary\steamapps\common\skyrim\data\plugin_example\skse\release\gameresources.obj
d:\steamlibrary\steamapps\common\skyrim\data\plugin_example\skse\release\gamepathing.obj
d:\steamlibrary\steamapps\common\skyrim\data\plugin_example\skse\release\gameobjects.obj
d:\steamlibrary\steamapps\common\skyrim\data\plugin_example\skse\release\gamemenus.obj
d:\steamlibrary\steamapps\common\skyrim\data\plugin_example\skse\release\gameinput.obj
d:\steamlibrary\steamapps\common\skyrim\data\plugin_example\skse\release\gamehandlers.obj
d:\steamlibrary\steamapps\common\skyrim\data\plugin_example\skse\release\gameforms.obj
d:\steamlibrary\steamapps\common\skyrim\data\plugin_example\skse\release\gameformcomponents.obj
d:\steamlibrary\steamapps\common\skyrim\data\plugin_example\skse\release\gameextradata.obj
d:\steamlibrary\steamapps\common\skyrim\data\plugin_example\skse\release\gameevents.obj
d:\steamlibrary\steamapps\common\skyrim\data\plugin_example\skse\release\gamedata.obj
d:\steamlibrary\steamapps\common\skyrim\data\plugin_example\skse\release\gamecamera.obj
d:\steamlibrary\steamapps\common\skyrim\data\plugin_example\skse\release\gameapi.obj
d:\steamlibrary\steamapps\common\skyrim\data\plugin_example\skse\release\colors.obj
d:\steamlibrary\steamapps\common\skyrim\data\plugin_example\skse\release\hooks_ui.obj
d:\steamlibrary\steamapps\common\skyrim\data\plugin_example\skse\release\hooks_threads.obj
d:\steamlibrary\steamapps\common\skyrim\data\plugin_example\skse\release\hooks_scaleform.obj
d:\steamlibrary\steamapps\common\skyrim\data\plugin_example\skse\release\hooks_saveload.obj
d:\steamlibrary\steamapps\common\skyrim\data\plugin_example\skse\release\hooks_papyrus.obj
d:\steamlibrary\steamapps\common\skyrim\data\plugin_example\skse\release\hooks_obscript.obj
d:\steamlibrary\steamapps\common\skyrim\data\plugin_example\skse\release\hooks_netimmerse.obj
d:\steamlibrary\steamapps\common\skyrim\data\plugin_example\skse\release\hooks_memory.obj
d:\steamlibrary\steamapps\common\skyrim\data\plugin_example\skse\release\hooks_handlers.obj
d:\steamlibrary\steamapps\common\skyrim\data\plugin_example\skse\release\hooks_gameplay.obj
d:\steamlibrary\steamapps\common\skyrim\data\plugin_example\skse\release\hooks_event.obj
d:\steamlibrary\steamapps\common\skyrim\data\plugin_example\skse\release\hooks_directinput8create.obj
d:\steamlibrary\steamapps\common\skyrim\data\plugin_example\skse\release\hooks_debug.obj
d:\steamlibrary\steamapps\common\skyrim\data\plugin_example\skse\release\hooks_camera.obj
d:\steamlibrary\steamapps\common\skyrim\data\plugin_example\skse\release\scaleformvm.obj
d:\steamlibrary\steamapps\common\skyrim\data\plugin_example\skse\release\scaleformtypes.obj
d:\steamlibrary\steamapps\common\skyrim\data\plugin_example\skse\release\scaleformstate.obj
d:\steamlibrary\steamapps\common\skyrim\data\plugin_example\skse\release\scaleformmovie.obj
d:\steamlibrary\steamapps\common\skyrim\data\plugin_example\skse\release\scaleformloader.obj
d:\steamlibrary\steamapps\common\skyrim\data\plugin_example\skse\release\nirenderer.obj
d:\steamlibrary\steamapps\common\skyrim\data\plugin_example\skse\release\niproperties.obj
d:\steamlibrary\steamapps\common\skyrim\data\plugin_example\skse\release\niobjects.obj
d:\steamlibrary\steamapps\common\skyrim\data\plugin_example\skse\release\ninodes.obj
d:\steamlibrary\steamapps\common\skyrim\data\plugin_example\skse\release\nimaterial.obj
d:\steamlibrary\steamapps\common\skyrim\data\plugin_example\skse\release\nilight.obj
d:\steamlibrary\steamapps\common\skyrim\data\plugin_example\skse\release\niinterpolators.obj
d:\steamlibrary\steamapps\common\skyrim\data\plugin_example\skse\release\nigeometry.obj
d:\steamlibrary\steamapps\common\skyrim\data\plugin_example\skse\release\niextradata.obj
d:\steamlibrary\steamapps\common\skyrim\data\plugin_example\skse\release\nicontrollers.obj
d:\steamlibrary\steamapps\common\skyrim\data\plugin_example\skse\release\utilities.obj
d:\steamlibrary\steamapps\common\skyrim\data\plugin_example\skse\release\translation.obj
d:\steamlibrary\steamapps\common\skyrim\data\plugin_example\skse\release\serialization.obj
d:\steamlibrary\steamapps\common\skyrim\data\plugin_example\skse\release\safewrite.obj
d:\steamlibrary\steamapps\common\skyrim\data\plugin_example\skse\release\pluginmanager.obj
d:\steamlibrary\steamapps\common\skyrim\data\plugin_example\skse\release\internalserialization.obj
d:\steamlibrary\steamapps\common\skyrim\data\plugin_example\skse\release\inputmap.obj
d:\steamlibrary\steamapps\common\skyrim\data\plugin_example\skse\release\hashutil.obj
d:\steamlibrary\steamapps\common\skyrim\data\plugin_example\skse\release\globallocks.obj
d:\steamlibrary\steamapps\common\skyrim\data\plugin_example\skse\release\custommenu.obj
d:\steamlibrary\steamapps\common\skyrim\data\plugin_example\skse\release\skse.obj
d:\steamlibrary\steamapps\common\skyrim\data\plugin_example\skse\release\nitypes.obj
d:\steamlibrary\steamapps\common\skyrim\data\plugin_example\skse\release\nitextures.obj
d:\steamlibrary\steamapps\common\skyrim\data\plugin_example\skse\release\niserialization.obj
d:\steamlibrary\steamapps\common\skyrim\data\plugin_example\skse\release\nirtti.obj
d:\steamlibrary\steamapps\common\skyrim\data\plugin_example\release\skse.lib
d:\steamlibrary\steamapps\common\skyrim\data\plugin_example\skse\release\skse_version.res
d:\steamlibrary\steamapps\common\skyrim\data\plugin_example\skse\release\skse.vcxprojresolveassemblyreference.cache
d:\steamlibrary\steamapps\common\skyrim\data\plugin_example\skse\release\skse.tlog\cl.command.1.tlog
d:\steamlibrary\steamapps\common\skyrim\data\plugin_example\skse\release\skse.tlog\cl.read.1.tlog
d:\steamlibrary\steamapps\common\skyrim\data\plugin_example\skse\release\skse.tlog\cl.write.1.tlog
d:\steamlibrary\steamapps\common\skyrim\data\plugin_example\skse\release\skse.tlog\lib-link-cvtres.read.1.tlog
d:\steamlibrary\steamapps\common\skyrim\data\plugin_example\skse\release\skse.tlog\lib-link-cvtres.write.1.tlog
d:\steamlibrary\steamapps\common\skyrim\data\plugin_example\skse\release\skse.tlog\lib.command.1.tlog
d:\steamlibrary\steamapps\common\skyrim\data\plugin_example\skse\release\skse.tlog\rc.command.1.tlog
d:\steamlibrary\steamapps\common\skyrim\data\plugin_example\skse\release\skse.tlog\rc.read.1.tlog
d:\steamlibrary\steamapps\common\skyrim\data\plugin_example\skse\release\skse.tlog\rc.write.1.tlog
